/usr/local/lib/python3.12/site-packages/sklearn/utils/deprecation.py:151: FutureWarning: 'force_all_finite' was renamed to 'ensure_all_finite' in 1.6 and will be removed in 1.8.
  warnings.warn(
/usr/local/lib/python3.12/site-packages/sklearn/utils/deprecation.py:151: FutureWarning: 'force_all_finite' was renamed to 'ensure_all_finite' in 1.6 and will be removed in 1.8.
  warnings.warn(
Clusters: 10  Noise: 50

=== ENTITIES FOUND ===
  agent.ip                                           type=ip_address      conf=0.50
  agent.name                                         type=hostname        conf=0.50
  data.arch                                          type=identity        conf=0.50
  data.dpkg_status                                   type=hostname        conf=0.40
  data.package                                       type=hostname        conf=0.40
  data.sca.check.result                              type=identity        conf=0.40
  data.sca.type                                      type=identity        conf=0.50
  data.win.eventdata.newProcessId                    type=identity        conf=0.45
  data.win.eventdata.processId                       type=identity        conf=0.49
  data.win.eventdata.subjectUserName                 type=identity        conf=0.50
  data.win.eventdata.targetLogonId                   type=identity        conf=0.45
  data.win.system.computer                           type=fqdn            conf=0.40
  decoder.name                                       type=identity        conf=0.40
  location                                           type=identity        conf=0.40
  predecoder.timestamp                               type=identity        conf=0.50
  rule.groups.0                                      type=identity        conf=0.40
  rule.groups.1                                      type=identity        conf=0.40
  rule.groups.2                                      type=identity        conf=0.50
  rule.groups.3                                      type=identity        conf=0.50
  rule.mitre.id.0                                    type=technique_id    conf=0.44
  rule.mitre.id.1                                    type=technique_id    conf=0.50
  rule.mitre.technique.0                             type=identity        conf=0.50
  rule.mitre.technique.1                             type=identity        conf=0.50
  syscheck.changed_attributes.4                      type=identity        conf=0.50
  syscheck.gname_after                               type=identity        conf=0.43
  syscheck.md5_after                                 type=hash_md5        conf=1.00
  syscheck.md5_before                                type=hash_md5        conf=1.00
  syscheck.mode                                      type=identity        conf=0.50
  syscheck.perm_after                                type=hostname        conf=0.50
  syscheck.sha1_after                                type=hash_sha1       conf=0.60
  syscheck.sha1_before                               type=hash_sha1       conf=0.60
  syscheck.sha256_after                              type=hash_sha256     conf=0.60
  syscheck.sha256_before                             type=hash_sha256     conf=0.60
  syscheck.uname_after                               type=identity        conf=0.43
  syscheck.value_name                                type=identity        conf=0.50

=== NON-ENTITIES ===
  @timestamp                                         type=timestamp       conf=1.00
  agent.id                                           type=numeric         conf=1.00
  data.dstuser                                       type=category        conf=0.42
  data.extra_data                                    type=category        conf=0.50
  data.sca.check.compliance.cis                      type=category        conf=0.50
  data.sca.check.compliance.cis_csc_v7               type=numeric         conf=0.50
  data.sca.check.compliance.cis_csc_v8               type=numeric         conf=0.50
  data.sca.check.compliance.iso_27001-2013           type=category        conf=0.50
  data.sca.check.compliance.nist_sp_800-53           type=category        conf=0.50
  data.sca.check.compliance.pci_dss_v3.2.1           type=category        conf=0.50
  data.sca.check.compliance.pci_dss_v4.0             type=category        conf=0.50
  data.sca.check.id                                  type=numeric         conf=0.61
  data.sca.scan_id                                   type=numeric         conf=1.00
  data.srcuser                                       type=category        conf=0.47
  data.version                                       type=category        conf=0.50
  data.win.eventdata.logonType                       type=numeric         conf=1.00
  data.win.eventdata.mandatoryLabel                  type=category        conf=0.50
  data.win.eventdata.parentProcessName               type=category        conf=0.50
  data.win.eventdata.subjectLogonId                  type=category        conf=0.50
  data.win.eventdata.subjectUserSid                  type=category        conf=0.50
  data.win.eventdata.targetDomainName                type=category        conf=0.50
  data.win.eventdata.targetUserName                  type=category        conf=0.50
  data.win.eventdata.targetUserSid                   type=category        conf=0.50
  data.win.eventdata.tokenElevationType              type=category        conf=0.50
  data.win.system.channel                            type=category        conf=0.50
  data.win.system.eventID                            type=numeric         conf=1.00
  data.win.system.eventRecordID                      type=numeric         conf=1.00
  data.win.system.keywords                           type=category        conf=0.50
  data.win.system.level                              type=numeric         conf=1.00
  data.win.system.opcode                             type=numeric         conf=1.00
  data.win.system.processID                          type=numeric         conf=1.00
  data.win.system.providerGuid                       type=category        conf=0.50
  data.win.system.providerName                       type=category        conf=0.50
  data.win.system.severityValue                      type=category        conf=0.50
  data.win.system.systemTime                         type=timestamp       conf=1.00
  data.win.system.task                               type=numeric         conf=1.00
  data.win.system.threadID                           type=numeric         conf=1.00
  data.win.system.version                            type=numeric         conf=1.00
  decoder.parent                                     type=category        conf=0.50
  id                                                 type=numeric         conf=0.50
  predecoder.hostname                                type=category        conf=0.50
  predecoder.program_name                            type=category        conf=0.50
  rule.cis.0                                         type=category        conf=0.50
  rule.cis_csc_v7.0                                  type=numeric         conf=0.50
  rule.cis_csc_v8.0                                  type=numeric         conf=0.50
  rule.firedtimes                                    type=numeric         conf=0.72
  rule.gdpr.0                                        type=category        conf=0.50
  rule.gpg13.0                                       type=numeric         conf=0.50
  rule.gpg13.1                                       type=numeric         conf=0.50
  rule.hipaa.0                                       type=category        conf=0.50
  rule.hipaa.1                                       type=category        conf=0.50
  rule.id                                            type=numeric         conf=0.81
  rule.iso_27001-2013.0                              type=category        conf=0.50
  rule.level                                         type=numeric         conf=1.00
  rule.mitre.tactic.0                                type=category        conf=0.50
  rule.mitre.tactic.1                                type=category        conf=0.50
  rule.nist_800_53.0                                 type=category        conf=0.40
  rule.nist_800_53.1                                 type=category        conf=0.40
  rule.nist_sp_800-53.0                              type=category        conf=0.50
  rule.nist_sp_800-53.1                              type=category        conf=0.50
  rule.pci_dss.0                                     type=category        conf=0.50
  rule.pci_dss.1                                     type=category        conf=0.50
  rule.tsc.0                                         type=category        conf=0.50
  rule.tsc.1                                         type=category        conf=0.50
  rule.tsc.2                                         type=category        conf=0.50
  rule.tsc.3                                         type=category        conf=0.50
  syscheck.changed_attributes.0                      type=category        conf=0.50
  syscheck.changed_attributes.1                      type=category        conf=0.50
  syscheck.changed_attributes.2                      type=category        conf=0.50
  syscheck.changed_attributes.3                      type=category        conf=0.50
  syscheck.event                                     type=category        conf=0.50
  syscheck.inode_after                               type=numeric         conf=1.00
  syscheck.inode_before                              type=numeric         conf=1.00
  syscheck.mtime_after                               type=timestamp       conf=1.00
  syscheck.mtime_before                              type=timestamp       conf=1.00
  syscheck.size_after                                type=numeric         conf=1.00
  syscheck.size_before                               type=numeric         conf=1.00
  syscheck.value_type                                type=category        conf=0.50
  timestamp                                          type=timestamp       conf=1.00
