Sampled: 5000 events
Fields after threshold: 383

/usr/local/lib/python3.12/site-packages/sklearn/utils/deprecation.py:151: FutureWarning: 'force_all_finite' was renamed to 'ensure_all_finite' in 1.6 and will be removed in 1.8.
  warnings.warn(
/usr/local/lib/python3.12/site-packages/sklearn/utils/deprecation.py:151: FutureWarning: 'force_all_finite' was renamed to 'ensure_all_finite' in 1.6 and will be removed in 1.8.
  warnings.warn(
Clusters: 21  Noise: 85

=== ENTITIES FOUND ===
  agent.ip                                           type=ip_address      conf=0.50
  agent.name                                         type=hostname        conf=0.50
  data.arch                                          type=identity        conf=0.50
  data.extra_data                                    type=hostname        conf=0.46
  data.package                                       type=hostname        conf=0.50
  data.protocol                                      type=identity        conf=0.40
  data.sca.check.command.1                           type=hostname        conf=0.50
  data.sca.type                                      type=identity        conf=0.50
  data.srcip                                         type=ip_address      conf=0.48
  data.srcuser                                       type=identity        conf=0.50
  data.win.eventdata.authenticationPackageName       type=identity        conf=0.50
  data.win.eventdata.newProcessId                    type=identity        conf=0.50
  data.win.eventdata.processId                       type=identity        conf=0.47
  data.win.eventdata.sessionKeyEncryptionType        type=identity        conf=0.50
  data.win.eventdata.status                          type=identity        conf=0.50
  data.win.eventdata.subjectDomainName               type=identity        conf=0.40
  data.win.eventdata.subjectLogonId                  type=identity        conf=0.50
  data.win.eventdata.targetDomainName                type=fqdn            conf=0.50
  data.win.eventdata.targetLogonId                   type=identity        conf=0.50
  data.win.eventdata.targetUserName                  type=identity        conf=0.50
  data.win.eventdata.ticketEncryptionType            type=identity        conf=0.50
  data.win.system.computer                           type=fqdn            conf=0.50
  data.win.system.keywords                           type=identity        conf=0.50
  data.win.system.providerName                       type=hostname        conf=0.50
  data.win.system.severityValue                      type=identity        conf=0.40
  decoder.name                                       type=identity        conf=0.50
  decoder.parent                                     type=identity        conf=0.50
  location                                           type=identity        conf=0.50
  predecoder.hostname                                type=identity        conf=0.43
  predecoder.program_name                            type=identity        conf=0.43
  predecoder.timestamp                               type=identity        conf=0.50
  rule.groups.0                                      type=identity        conf=0.50
  rule.groups.1                                      type=identity        conf=0.50
  rule.groups.2                                      type=identity        conf=0.50
  rule.groups.3                                      type=identity        conf=0.50
  rule.mitre.id.0                                    type=technique_id    conf=0.50
  rule.mitre.id.1                                    type=technique_id    conf=0.50
  rule.mitre.tactic.0                                type=identity        conf=0.50
  rule.mitre.tactic.1                                type=identity        conf=0.50
  rule.mitre.technique.0                             type=identity        conf=0.50
  rule.mitre.technique.1                             type=identity        conf=0.43
  rule.mitre_techniques.0                            type=technique_id    conf=0.50
  rule.mitre_techniques.1                            type=technique_id    conf=1.00
  rule.mitre_techniques.10                           type=technique_id    conf=0.76
  rule.mitre_techniques.11                           type=technique_id    conf=0.84
  rule.mitre_techniques.12                           type=technique_id    conf=0.46
  rule.mitre_techniques.13                           type=technique_id    conf=1.00
  rule.mitre_techniques.14                           type=technique_id    conf=0.50
  rule.mitre_techniques.15                           type=technique_id    conf=0.84
  rule.mitre_techniques.16                           type=technique_id    conf=1.00
  rule.mitre_techniques.17                           type=technique_id    conf=1.00
  rule.mitre_techniques.18                           type=technique_id    conf=1.00
  rule.mitre_techniques.19                           type=technique_id    conf=1.00
  rule.mitre_techniques.2                            type=technique_id    conf=0.32
  rule.mitre_techniques.20                           type=technique_id    conf=0.76
  rule.mitre_techniques.21                           type=technique_id    conf=1.00
  rule.mitre_techniques.22                           type=technique_id    conf=1.00
  rule.mitre_techniques.23                           type=technique_id    conf=0.82
  rule.mitre_techniques.24                           type=technique_id    conf=1.00
  rule.mitre_techniques.25                           type=technique_id    conf=1.00
  rule.mitre_techniques.26                           type=technique_id    conf=1.00
  rule.mitre_techniques.27                           type=technique_id    conf=0.29
  rule.mitre_techniques.28                           type=technique_id    conf=1.00
  rule.mitre_techniques.29                           type=technique_id    conf=0.46
  rule.mitre_techniques.3                            type=technique_id    conf=0.51
  rule.mitre_techniques.30                           type=technique_id    conf=0.29
  rule.mitre_techniques.31                           type=technique_id    conf=0.39
  rule.mitre_techniques.32                           type=technique_id    conf=0.29
  rule.mitre_techniques.33                           type=technique_id    conf=0.54
  rule.mitre_techniques.34                           type=technique_id    conf=0.60
  rule.mitre_techniques.35                           type=technique_id    conf=0.60
  rule.mitre_techniques.36                           type=technique_id    conf=0.77
  rule.mitre_techniques.37                           type=technique_id    conf=0.50
  rule.mitre_techniques.38                           type=technique_id    conf=0.56
  rule.mitre_techniques.39                           type=technique_id    conf=0.56
  rule.mitre_techniques.4                            type=technique_id    conf=0.52
  rule.mitre_techniques.40                           type=technique_id    conf=1.00
  rule.mitre_techniques.41                           type=technique_id    conf=1.00
  rule.mitre_techniques.42                           type=technique_id    conf=1.00
  rule.mitre_techniques.43                           type=technique_id    conf=1.00
  rule.mitre_techniques.44                           type=technique_id    conf=1.00
  rule.mitre_techniques.45                           type=technique_id    conf=0.50
  rule.mitre_techniques.46                           type=technique_id    conf=1.00
  rule.mitre_techniques.47                           type=technique_id    conf=1.00
  rule.mitre_techniques.48                           type=technique_id    conf=1.00
  rule.mitre_techniques.49                           type=technique_id    conf=1.00
  rule.mitre_techniques.5                            type=technique_id    conf=1.00
  rule.mitre_techniques.50                           type=technique_id    conf=0.50
  rule.mitre_techniques.51                           type=technique_id    conf=1.00
  rule.mitre_techniques.52                           type=technique_id    conf=1.00
  rule.mitre_techniques.53                           type=technique_id    conf=1.00
  rule.mitre_techniques.54                           type=technique_id    conf=0.50
  rule.mitre_techniques.55                           type=technique_id    conf=1.00
  rule.mitre_techniques.56                           type=technique_id    conf=1.00
  rule.mitre_techniques.57                           type=technique_id    conf=1.00
  rule.mitre_techniques.58                           type=technique_id    conf=0.95
  rule.mitre_techniques.59                           type=technique_id    conf=0.48
  rule.mitre_techniques.6                            type=technique_id    conf=1.00
  rule.mitre_techniques.7                            type=technique_id    conf=1.00
  rule.mitre_techniques.8                            type=technique_id    conf=1.00
  rule.mitre_techniques.9                            type=technique_id    conf=1.00
  syscheck.arch                                      type=identity        conf=0.50
  syscheck.changed_attributes.0                      type=identity        conf=0.50
  syscheck.changed_attributes.1                      type=identity        conf=0.50
  syscheck.changed_attributes.2                      type=identity        conf=0.50
  syscheck.changed_attributes.4                      type=identity        conf=0.50
  syscheck.gname_after                               type=identity        conf=0.50
  syscheck.md5_after                                 type=hash_md5        conf=1.00
  syscheck.md5_before                                type=hash_md5        conf=1.00
  syscheck.mode                                      type=identity        conf=0.50
  syscheck.perm_after                                type=hostname        conf=0.50
  syscheck.sha1_after                                type=hash_sha1       conf=0.60
  syscheck.sha1_before                               type=hash_sha1       conf=0.60
  syscheck.sha256_after                              type=hash_sha256     conf=0.60
  syscheck.sha256_before                             type=hash_sha256     conf=0.60
  syscheck.uname_after                               type=identity        conf=0.50
  syscheck.value_type                                type=identity        conf=0.44
  syscheck.win_perm_after.0.allowed.0                type=identity        conf=0.50
  syscheck.win_perm_after.0.allowed.1                type=identity        conf=0.46
  syscheck.win_perm_after.0.allowed.2                type=identity        conf=0.50
  syscheck.win_perm_after.0.allowed.3                type=identity        conf=0.50
  syscheck.win_perm_after.0.allowed.4                type=identity        conf=0.50
  syscheck.win_perm_after.0.allowed.6                type=identity        conf=0.47
  syscheck.win_perm_after.0.allowed.7                type=identity        conf=0.50
  syscheck.win_perm_after.0.allowed.8                type=identity        conf=0.50
  syscheck.win_perm_after.0.allowed.9                type=identity        conf=0.40
  syscheck.win_perm_after.0.name                     type=identity        conf=0.50
  syscheck.win_perm_after.1.allowed.0                type=identity        conf=0.50
  syscheck.win_perm_after.1.allowed.1                type=identity        conf=0.50
  syscheck.win_perm_after.1.allowed.10               type=identity        conf=0.50
  syscheck.win_perm_after.1.allowed.2                type=identity        conf=0.50
  syscheck.win_perm_after.1.allowed.3                type=identity        conf=0.40
  syscheck.win_perm_after.1.allowed.4                type=identity        conf=0.50
  syscheck.win_perm_after.1.allowed.5                type=identity        conf=0.50
  syscheck.win_perm_after.1.allowed.6                type=identity        conf=0.50
  syscheck.win_perm_after.1.name                     type=identity        conf=0.50
  syscheck.win_perm_after.10.allowed.2               type=identity        conf=0.50
  syscheck.win_perm_after.10.allowed.3               type=identity        conf=0.50
  syscheck.win_perm_after.11.allowed.2               type=identity        conf=0.50
  syscheck.win_perm_after.11.allowed.3               type=identity        conf=0.50
  syscheck.win_perm_after.12.allowed.0               type=identity        conf=0.50
  syscheck.win_perm_after.12.name                    type=identity        conf=0.50
  syscheck.win_perm_after.2.allowed.0                type=identity        conf=0.50
  syscheck.win_perm_after.2.allowed.1                type=identity        conf=0.40
  syscheck.win_perm_after.2.allowed.10               type=identity        conf=0.50
  syscheck.win_perm_after.2.allowed.2                type=identity        conf=0.50
  syscheck.win_perm_after.2.allowed.3                type=identity        conf=0.50
  syscheck.win_perm_after.2.allowed.4                type=identity        conf=0.50
  syscheck.win_perm_after.2.allowed.5                type=identity        conf=0.50
  syscheck.win_perm_after.2.allowed.6                type=identity        conf=0.50
  syscheck.win_perm_after.2.allowed.7                type=identity        conf=0.50
  syscheck.win_perm_after.2.name                     type=identity        conf=0.50
  syscheck.win_perm_after.3.allowed.0                type=identity        conf=0.50
  syscheck.win_perm_after.3.allowed.1                type=identity        conf=0.50
  syscheck.win_perm_after.3.allowed.2                type=identity        conf=0.50
  syscheck.win_perm_after.3.allowed.3                type=identity        conf=0.50
  syscheck.win_perm_after.3.allowed.4                type=identity        conf=0.48
  syscheck.win_perm_after.3.allowed.5                type=identity        conf=0.50
  syscheck.win_perm_after.3.allowed.6                type=identity        conf=0.50
  syscheck.win_perm_after.3.allowed.7                type=identity        conf=0.50
  syscheck.win_perm_after.3.allowed.8                type=identity        conf=0.50
  syscheck.win_perm_after.3.allowed.9                type=identity        conf=0.50
  syscheck.win_perm_after.3.name                     type=identity        conf=0.42
  syscheck.win_perm_after.4.allowed.0                type=identity        conf=0.50
  syscheck.win_perm_after.4.allowed.1                type=identity        conf=0.50
  syscheck.win_perm_after.4.allowed.2                type=identity        conf=0.41
  syscheck.win_perm_after.4.allowed.3                type=identity        conf=0.50
  syscheck.win_perm_after.4.allowed.4                type=identity        conf=0.50
  syscheck.win_perm_after.4.allowed.8                type=identity        conf=0.50
  syscheck.win_perm_after.4.name                     type=identity        conf=0.40
  syscheck.win_perm_after.5.allowed.0                type=identity        conf=0.50
  syscheck.win_perm_after.5.allowed.1                type=identity        conf=0.46
  syscheck.win_perm_after.5.allowed.2                type=identity        conf=0.50
  syscheck.win_perm_after.5.allowed.3                type=identity        conf=0.50
  syscheck.win_perm_after.5.allowed.4                type=identity        conf=0.50
  syscheck.win_perm_after.6.allowed.0                type=identity        conf=0.50
  syscheck.win_perm_after.6.allowed.1                type=identity        conf=0.50
  syscheck.win_perm_after.6.allowed.2                type=identity        conf=0.40
  syscheck.win_perm_after.6.allowed.3                type=identity        conf=0.50
  syscheck.win_perm_after.6.allowed.4                type=identity        conf=0.50
  syscheck.win_perm_after.6.allowed.7                type=identity        conf=0.50
  syscheck.win_perm_after.6.allowed.8                type=identity        conf=0.50
  syscheck.win_perm_after.7.allowed.0                type=identity        conf=0.50
  syscheck.win_perm_after.7.allowed.1                type=identity        conf=0.50
  syscheck.win_perm_after.8.allowed.0                type=identity        conf=0.50
  syscheck.win_perm_after.8.allowed.1                type=identity        conf=0.50
  syscheck.win_perm_after.9.allowed.2                type=identity        conf=0.50
  syscheck.win_perm_after.9.allowed.3                type=identity        conf=0.50
  syscheck.win_perm_after.9.name                     type=identity        conf=0.50
