Sampled: 5000 events
Fields after threshold: 383

/usr/local/lib/python3.12/site-packages/sklearn/utils/deprecation.py:151: FutureWarning: 'force_all_finite' was renamed to 'ensure_all_finite' in 1.6 and will be removed in 1.8.
  warnings.warn(
/usr/local/lib/python3.12/site-packages/sklearn/utils/deprecation.py:151: FutureWarning: 'force_all_finite' was renamed to 'ensure_all_finite' in 1.6 and will be removed in 1.8.
  warnings.warn(
Clusters: 21  Noise: 85

=== ENTITIES FOUND ===
  agent.ip                                           type=ip_address      conf=0.50 cid=-1
  agent.name                                         type=hostname        conf=0.50 cid=7
  data.extra_data                                    type=hostname        conf=0.46 cid=13
  data.protocol                                      type=identity        conf=0.40 cid=14
  data.srcip                                         type=ip_address      conf=0.48 cid=11
  data.win.eventdata.authenticationPackageName       type=identity        conf=0.50 cid=13
  data.win.eventdata.targetDomainName                type=fqdn            conf=0.50 cid=-1
  data.win.eventdata.targetUserName                  type=identity        conf=0.50 cid=-1
  data.win.system.computer                           type=fqdn            conf=0.50 cid=-1
  data.win.system.severityValue                      type=identity        conf=0.40 cid=14
  rule.mitre.id.0                                    type=technique_id    conf=0.50 cid=-1
  rule.mitre.id.1                                    type=technique_id    conf=0.50 cid=13
  rule.mitre_techniques.0                            type=technique_id    conf=0.50 cid=-1
  rule.mitre_techniques.1                            type=technique_id    conf=1.00 cid=17
  rule.mitre_techniques.10                           type=technique_id    conf=0.76 cid=16
  rule.mitre_techniques.11                           type=technique_id    conf=0.84 cid=16
  rule.mitre_techniques.12                           type=technique_id    conf=0.46 cid=16
  rule.mitre_techniques.13                           type=technique_id    conf=1.00 cid=19
  rule.mitre_techniques.14                           type=technique_id    conf=0.50 cid=-1
  rule.mitre_techniques.15                           type=technique_id    conf=0.84 cid=16
  rule.mitre_techniques.16                           type=technique_id    conf=1.00 cid=20
  rule.mitre_techniques.17                           type=technique_id    conf=1.00 cid=19
  rule.mitre_techniques.18                           type=technique_id    conf=1.00 cid=16
  rule.mitre_techniques.19                           type=technique_id    conf=1.00 cid=20
  rule.mitre_techniques.2                            type=technique_id    conf=0.32 cid=18
  rule.mitre_techniques.20                           type=technique_id    conf=0.76 cid=16
  rule.mitre_techniques.21                           type=technique_id    conf=1.00 cid=16
  rule.mitre_techniques.22                           type=technique_id    conf=1.00 cid=16
  rule.mitre_techniques.23                           type=technique_id    conf=0.82 cid=20
  rule.mitre_techniques.24                           type=technique_id    conf=1.00 cid=19
  rule.mitre_techniques.25                           type=technique_id    conf=1.00 cid=19
  rule.mitre_techniques.26                           type=technique_id    conf=1.00 cid=16
  rule.mitre_techniques.27                           type=technique_id    conf=0.29 cid=16
  rule.mitre_techniques.28                           type=technique_id    conf=1.00 cid=16
  rule.mitre_techniques.29                           type=technique_id    conf=0.46 cid=16
  rule.mitre_techniques.3                            type=technique_id    conf=0.51 cid=18
  rule.mitre_techniques.30                           type=technique_id    conf=0.29 cid=16
  rule.mitre_techniques.31                           type=technique_id    conf=0.39 cid=16
  rule.mitre_techniques.32                           type=technique_id    conf=0.29 cid=16
  rule.mitre_techniques.33                           type=technique_id    conf=0.54 cid=15
  rule.mitre_techniques.34                           type=technique_id    conf=0.60 cid=15
  rule.mitre_techniques.35                           type=technique_id    conf=0.60 cid=15
  rule.mitre_techniques.36                           type=technique_id    conf=0.77 cid=15
  rule.mitre_techniques.37                           type=technique_id    conf=0.50 cid=-1
  rule.mitre_techniques.38                           type=technique_id    conf=0.56 cid=15
  rule.mitre_techniques.39                           type=technique_id    conf=0.56 cid=15
  rule.mitre_techniques.4                            type=technique_id    conf=0.52 cid=18
  rule.mitre_techniques.40                           type=technique_id    conf=1.00 cid=15
  rule.mitre_techniques.41                           type=technique_id    conf=1.00 cid=15
  rule.mitre_techniques.42                           type=technique_id    conf=1.00 cid=15
  rule.mitre_techniques.43                           type=technique_id    conf=1.00 cid=15
  rule.mitre_techniques.44                           type=technique_id    conf=1.00 cid=15
  rule.mitre_techniques.45                           type=technique_id    conf=0.50 cid=-1
  rule.mitre_techniques.46                           type=technique_id    conf=1.00 cid=17
  rule.mitre_techniques.47                           type=technique_id    conf=1.00 cid=17
  rule.mitre_techniques.48                           type=technique_id    conf=1.00 cid=18
  rule.mitre_techniques.49                           type=technique_id    conf=1.00 cid=17
  rule.mitre_techniques.5                            type=technique_id    conf=1.00 cid=20
  rule.mitre_techniques.50                           type=technique_id    conf=0.50 cid=-1
  rule.mitre_techniques.51                           type=technique_id    conf=1.00 cid=18
  rule.mitre_techniques.52                           type=technique_id    conf=1.00 cid=18
  rule.mitre_techniques.53                           type=technique_id    conf=1.00 cid=17
  rule.mitre_techniques.54                           type=technique_id    conf=0.50 cid=-1
  rule.mitre_techniques.55                           type=technique_id    conf=1.00 cid=18
  rule.mitre_techniques.56                           type=technique_id    conf=1.00 cid=18
  rule.mitre_techniques.57                           type=technique_id    conf=1.00 cid=18
  rule.mitre_techniques.58                           type=technique_id    conf=0.95 cid=18
  rule.mitre_techniques.59                           type=technique_id    conf=0.48 cid=18
  rule.mitre_techniques.6                            type=technique_id    conf=1.00 cid=20
  rule.mitre_techniques.7                            type=technique_id    conf=1.00 cid=20
  rule.mitre_techniques.8                            type=technique_id    conf=1.00 cid=19
  rule.mitre_techniques.9                            type=technique_id    conf=1.00 cid=19
  syscheck.arch                                      type=identity        conf=0.50 cid=6
  syscheck.gname_after                               type=identity        conf=0.50 cid=13
  syscheck.md5_after                                 type=hash_md5        conf=1.00 cid=8
  syscheck.md5_before                                type=hash_md5        conf=1.00 cid=8
  syscheck.perm_after                                type=hostname        conf=0.50 cid=-1
  syscheck.sha1_after                                type=hash_sha1       conf=0.60 cid=8
  syscheck.sha1_before                               type=hash_sha1       conf=0.60 cid=8
  syscheck.sha256_after                              type=hash_sha256     conf=0.60 cid=8
  syscheck.sha256_before                             type=hash_sha256     conf=0.60 cid=8
  syscheck.uname_after                               type=identity        conf=0.50 cid=13
  syscheck.win_perm_after.0.allowed.9                type=identity        conf=0.40 cid=14
  syscheck.win_perm_after.1.allowed.10               type=identity        conf=0.50 cid=-1
  syscheck.win_perm_after.11.allowed.2               type=identity        conf=0.50 cid=14
  syscheck.win_perm_after.2.allowed.10               type=identity        conf=0.50 cid=-1
  syscheck.win_perm_after.3.allowed.9                type=identity        conf=0.50 cid=14

=== NON-ENTITIES (check for missed classifications) ===
  @timestamp                                         type=timestamp       conf=1.00 cid=1
  _id                                                type=unknown         conf=0.00 cid=-1
  _index                                             type=unknown         conf=0.00 cid=-1
  agent.id                                           type=numeric         conf=0.32 cid=2
  data.arch                                          type=category        conf=0.50 cid=13
  data.command                                       type=unknown         conf=1.00 cid=5
  data.dpkg_status                                   type=category        conf=0.50 cid=-1
  data.dstuser                                       type=unknown         conf=0.94 cid=13
  data.euid                                          type=numeric         conf=1.00 cid=2
  data.file                                          type=unknown         conf=1.00 cid=5
  data.id                                            type=numeric         conf=0.90 cid=2
  data.package                                       type=unknown         conf=0.00 cid=-1
  data.pwd                                           type=unknown         conf=1.00 cid=5
  data.sca.check.command.0                           type=unknown         conf=0.00 cid=-1
  data.sca.check.command.1                           type=unknown         conf=0.00 cid=-1
  data.sca.check.compliance.cis                      type=category        conf=0.50 cid=-1
  data.sca.check.compliance.cis_csc                  type=numeric         conf=0.85 cid=10
  data.sca.check.compliance.cis_csc_v7               type=numeric         conf=1.00 cid=10
  data.sca.check.compliance.cis_csc_v8               type=numeric         conf=1.00 cid=10
  data.sca.check.compliance.cmmc_v2.0                type=unknown         conf=0.00 cid=-1
  data.sca.check.compliance.gdpr_IV                  type=category        conf=0.50 cid=11
  data.sca.check.compliance.gpg_13                   type=numeric         conf=0.50 cid=-1
  data.sca.check.compliance.hipaa                    type=category        conf=0.50 cid=-1
  data.sca.check.compliance.iso_27001-2013           type=category        conf=0.48 cid=11
  data.sca.check.compliance.mitre_techniques         type=unknown         conf=0.00 cid=-1
  data.sca.check.compliance.nist_800_53              type=category        conf=0.50 cid=12
  data.sca.check.compliance.nist_sp_800-53           type=category        conf=0.50 cid=4
  data.sca.check.compliance.pci_dss                  type=category        conf=0.50 cid=11
  data.sca.check.compliance.pci_dss_v3.2.1           type=category        conf=0.50 cid=-1
  data.sca.check.compliance.pci_dss_v4.0             type=category        conf=0.50 cid=-1
  data.sca.check.compliance.soc_2                    type=unknown         conf=1.00 cid=12
  data.sca.check.compliance.tsc                      type=unknown         conf=0.00 cid=-1
  data.sca.check.description                         type=text            conf=1.00 cid=0
  data.sca.check.directory.0                         type=unknown         conf=1.00 cid=5
  data.sca.check.file.0                              type=unknown         conf=1.00 cid=5
  data.sca.check.id                                  type=numeric         conf=0.85 cid=3
  data.sca.check.rationale                           type=text            conf=1.00 cid=0
  data.sca.check.reason                              type=unknown         conf=0.00 cid=-1
  data.sca.check.references                          type=text            conf=1.00 cid=0
  data.sca.check.registry.0                          type=unknown         conf=0.00 cid=-1
  data.sca.check.remediation                         type=text            conf=1.00 cid=0
  data.sca.check.result                              type=category        conf=0.50 cid=13
  data.sca.check.title                               type=unknown         conf=0.00 cid=-1
  data.sca.policy                                    type=category        conf=0.50 cid=-1
  data.sca.scan_id                                   type=numeric         conf=1.00 cid=3
  data.sca.type                                      type=category        conf=0.50 cid=13
  data.srcport                                       type=numeric         conf=0.85 cid=3
  data.srcuser                                       type=category        conf=0.50 cid=13
  data.status                                        type=unknown         conf=0.00 cid=-1
  data.title                                         type=unknown         conf=0.00 cid=-1
  data.tty                                           type=unknown         conf=0.00 cid=-1
  data.uid                                           type=numeric         conf=0.26 cid=2
  data.url                                           type=unknown         conf=0.96 cid=5
  data.version                                       type=category        conf=0.40 cid=4
  data.win.eventdata.accountAvailableKeys            type=unknown         conf=0.00 cid=-1
  data.win.eventdata.accountSupportedEncryptionTypes type=unknown         conf=0.00 cid=-1
  data.win.eventdata.binary                          type=unknown         conf=0.00 cid=-1
  data.win.eventdata.clientAdvertizedEncryptionTypes type=unknown         conf=0.00 cid=-1
  data.win.eventdata.dCAvailableKeys                 type=unknown         conf=0.00 cid=-1
  data.win.eventdata.dCSupportedEncryptionTypes      type=category        conf=0.50 cid=-1
  data.win.eventdata.data                            type=text            conf=1.00 cid=0
  data.win.eventdata.elevatedToken                   type=unknown         conf=1.00 cid=6
  data.win.eventdata.errorMessage                    type=unknown         conf=0.00 cid=-1
  data.win.eventdata.impersonationLevel              type=unknown         conf=1.00 cid=6
  data.win.eventdata.ipAddress                       type=unknown         conf=0.00 cid=-1
  data.win.eventdata.ipPort                          type=numeric         conf=0.85 cid=3
  data.win.eventdata.keyLength                       type=numeric         conf=1.00 cid=2
  data.win.eventdata.logonGuid                       type=unknown         conf=0.88 cid=4
  data.win.eventdata.logonProcessName                type=category        conf=0.50 cid=13
  data.win.eventdata.logonType                       type=numeric         conf=1.00 cid=2
  data.win.eventdata.mandatoryLabel                  type=category        conf=0.50 cid=4
  data.win.eventdata.newProcessId                    type=category        conf=0.50 cid=-1
  data.win.eventdata.newProcessName                  type=unknown         conf=0.00 cid=-1
  data.win.eventdata.parentProcessName               type=unknown         conf=0.00 cid=-1
  data.win.eventdata.processId                       type=category        conf=0.47 cid=13
  data.win.eventdata.processName                     type=unknown         conf=0.00 cid=-1
  data.win.eventdata.requestTicketHash               type=unknown         conf=0.00 cid=-1
  data.win.eventdata.responseTicketHash              type=unknown         conf=0.00 cid=-1
  data.win.eventdata.serviceAvailableKeys            type=unknown         conf=0.00 cid=-1
  data.win.eventdata.serviceName                     type=unknown         conf=0.00 cid=-1
  data.win.eventdata.serviceSid                      type=category        conf=0.50 cid=4
  data.win.eventdata.serviceSupportedEncryptionTypes type=category        conf=0.50 cid=-1
  data.win.eventdata.sessionKeyEncryptionType        type=category        conf=0.50 cid=-1
  data.win.eventdata.status                          type=category        conf=0.50 cid=13
  data.win.eventdata.subjectDomainName               type=unknown         conf=0.29 cid=14
  data.win.eventdata.subjectLogonId                  type=category        conf=0.50 cid=13
  data.win.eventdata.subjectUserName                 type=category        conf=0.40 cid=14
  data.win.eventdata.subjectUserSid                  type=category        conf=0.41 cid=4
  data.win.eventdata.targetLinkedLogonId             type=category        conf=0.50 cid=-1
  data.win.eventdata.targetLogonId                   type=category        conf=0.50 cid=-1
  data.win.eventdata.targetUserSid                   type=category        conf=0.41 cid=4
  data.win.eventdata.ticketEncryptionType            type=category        conf=0.50 cid=13
  data.win.eventdata.ticketOptions                   type=category        conf=0.50 cid=-1
  data.win.eventdata.tokenElevationType              type=category        conf=0.50 cid=6
  data.win.eventdata.virtualAccount                  type=unknown         conf=1.00 cid=6
  data.win.system.channel                            type=category        conf=0.43 cid=13
  data.win.system.eventID                            type=numeric         conf=0.32 cid=2
  data.win.system.eventRecordID                      type=numeric         conf=1.00 cid=3
  data.win.system.eventSourceName                    type=unknown         conf=1.00 cid=13
  data.win.system.keywords                           type=category        conf=0.50 cid=-1
  data.win.system.level                              type=numeric         conf=1.00 cid=2
  data.win.system.message                            type=unknown         conf=0.00 cid=-1
  data.win.system.opcode                             type=numeric         conf=1.00 cid=2
  data.win.system.processID                          type=numeric         conf=0.32 cid=2
  data.win.system.providerGuid                       type=unknown         conf=0.88 cid=4
  data.win.system.providerName                       type=unknown         conf=0.00 cid=-1
  data.win.system.systemTime                         type=timestamp       conf=1.00 cid=1
  data.win.system.task                               type=numeric         conf=0.32 cid=2
  data.win.system.threadID                           type=numeric         conf=0.32 cid=2
  data.win.system.version                            type=numeric         conf=1.00 cid=2
  decoder.ftscomment                                 type=unknown         conf=0.00 cid=-1
  decoder.name                                       type=category        conf=0.50 cid=7
  decoder.parent                                     type=category        conf=0.50 cid=13
  full_log                                           type=text            conf=1.00 cid=0
  id                                                 type=numeric         conf=0.50 cid=-1
  input.type                                         type=unknown         conf=0.00 cid=-1
  location                                           type=unknown         conf=1.00 cid=7
  manager.name                                       type=unknown         conf=0.00 cid=-1
  predecoder.hostname                                type=unknown         conf=0.87 cid=13
  predecoder.program_name                            type=category        conf=0.43 cid=13
  predecoder.timestamp                               type=unknown         conf=0.00 cid=-1
  previous_output                                    type=unknown         conf=0.00 cid=-1
  rule.cis.0                                         type=category        conf=0.50 cid=-1
  rule.cis_csc.0                                     type=numeric         conf=0.99 cid=10
  rule.cis_csc_v7.0                                  type=numeric         conf=1.00 cid=10
  rule.cis_csc_v7.1                                  type=numeric         conf=0.75 cid=10
  rule.cis_csc_v8.0                                  type=numeric         conf=1.00 cid=10
  rule.cis_csc_v8.1                                  type=numeric         conf=1.00 cid=10
  rule.description                                   type=unknown         conf=0.00 cid=-1
  rule.firedtimes                                    type=numeric         conf=0.32 cid=2
  rule.gdpr.0                                        type=category        conf=0.50 cid=-1
  rule.gdpr.1                                        type=unknown         conf=0.00 cid=-1
  rule.gdpr_IV.0                                     type=category        conf=0.40 cid=11
  rule.gpg13.0                                       type=numeric         conf=0.50 cid=-1
  rule.gpg13.1                                       type=numeric         conf=0.50 cid=-1
  rule.gpg13.2                                       type=numeric         conf=0.50 cid=-1
  rule.gpg_13.0                                      type=numeric         conf=0.50 cid=-1
  rule.groups.0                                      type=category        conf=0.50 cid=7
  rule.groups.1                                      type=category        conf=0.50 cid=7
  rule.groups.2                                      type=category        conf=0.50 cid=-1
  rule.groups.3                                      type=category        conf=0.50 cid=-1
  rule.hipaa.0                                       type=category        conf=0.40 cid=11
  rule.hipaa.1                                       type=category        conf=0.45 cid=11
  rule.hipaa.2                                       type=category        conf=0.42 cid=11
  rule.hipaa.3                                       type=category        conf=0.42 cid=11
  rule.id                                            type=numeric         conf=1.00 cid=3
  rule.iso_27001-2013.0                              type=category        conf=0.50 cid=11
  rule.iso_27001-2013.1                              type=category        conf=0.50 cid=11
  rule.level                                         type=numeric         conf=0.32 cid=2
  rule.mail                                          type=unknown         conf=0.00 cid=-1
  rule.mitre.tactic.0                                type=unknown         conf=1.00 cid=13
  rule.mitre.tactic.1                                type=unknown         conf=1.00 cid=13
  rule.mitre.tactic.2                                type=unknown         conf=0.00 cid=-1
  rule.mitre.tactic.3                                type=unknown         conf=0.00 cid=-1
  rule.mitre.tactic.4                                type=unknown         conf=0.00 cid=-1
  rule.mitre.technique.0                             type=unknown         conf=1.00 cid=13
  rule.mitre.technique.1                             type=unknown         conf=0.85 cid=13
  rule.nist_800_53.0                                 type=category        conf=0.50 cid=12
  rule.nist_800_53.1                                 type=category        conf=0.50 cid=12
  rule.nist_800_53.2                                 type=category        conf=0.40 cid=9
  rule.nist_sp_800-53.0                              type=category        conf=0.50 cid=4
  rule.nist_sp_800-53.1                              type=category        conf=0.50 cid=4
  rule.nist_sp_800-53.2                              type=category        conf=0.50 cid=4
  rule.nist_sp_800-53.3                              type=category        conf=0.50 cid=4
  rule.pci_dss.0                                     type=category        conf=0.40 cid=11
  rule.pci_dss.1                                     type=category        conf=0.48 cid=11
  rule.pci_dss.2                                     type=category        conf=0.50 cid=11
  rule.soc_2.0                                       type=unknown         conf=1.00 cid=12
  rule.soc_2.1                                       type=unknown         conf=1.00 cid=9
  rule.soc_2.2                                       type=category        conf=0.50 cid=9
  rule.tsc.0                                         type=unknown         conf=0.71 cid=9
  rule.tsc.1                                         type=unknown         conf=0.71 cid=9
  rule.tsc.2                                         type=unknown         conf=0.71 cid=9
  rule.tsc.3                                         type=unknown         conf=1.00 cid=9
  rule.tsc.4                                         type=unknown         conf=1.00 cid=9
  rule.tsc.5                                         type=unknown         conf=1.00 cid=12
  rule.tsc.6                                         type=unknown         conf=1.00 cid=9
  syscheck.changed_attributes.0                      type=category        conf=0.50 cid=13
  syscheck.changed_attributes.1                      type=category        conf=0.50 cid=13
  syscheck.changed_attributes.2                      type=category        conf=0.50 cid=13
  syscheck.changed_attributes.3                      type=category        conf=0.50 cid=13
  syscheck.changed_attributes.4                      type=category        conf=0.50 cid=13
  syscheck.event                                     type=category        conf=0.50 cid=13
  syscheck.gid_after                                 type=unknown         conf=0.00 cid=-1
  syscheck.gid_before                                type=category        conf=0.50 cid=4
  syscheck.inode_after                               type=numeric         conf=1.00 cid=3
  syscheck.inode_before                              type=numeric         conf=1.00 cid=3
  syscheck.mode                                      type=category        conf=0.50 cid=13
  syscheck.mtime_after                               type=timestamp       conf=1.00 cid=1
  syscheck.mtime_before                              type=timestamp       conf=1.00 cid=1
  syscheck.path                                      type=unknown         conf=0.00 cid=-1
  syscheck.size_after                                type=numeric         conf=1.00 cid=3
  syscheck.size_before                               type=numeric         conf=0.85 cid=3
  syscheck.uid_after                                 type=unknown         conf=0.00 cid=-1
  syscheck.value_name                                type=unknown         conf=0.00 cid=-1
  syscheck.value_type                                type=category        conf=0.44 cid=14
  syscheck.win_perm_after.0.allowed.0                type=category        conf=0.50 cid=14
  syscheck.win_perm_after.0.allowed.1                type=category        conf=0.46 cid=14
  syscheck.win_perm_after.0.allowed.2                type=category        conf=0.50 cid=14
  syscheck.win_perm_after.0.allowed.3                type=category        conf=0.50 cid=14
  syscheck.win_perm_after.0.allowed.4                type=category        conf=0.50 cid=14
  syscheck.win_perm_after.0.allowed.5                type=category        conf=0.50 cid=14
  syscheck.win_perm_after.0.allowed.6                type=category        conf=0.47 cid=14
  syscheck.win_perm_after.0.allowed.7                type=category        conf=0.50 cid=14
  syscheck.win_perm_after.0.allowed.8                type=category        conf=0.50 cid=14
  syscheck.win_perm_after.0.name                     type=unknown         conf=1.00 cid=13
  syscheck.win_perm_after.1.allowed.0                type=category        conf=0.50 cid=14
  syscheck.win_perm_after.1.allowed.1                type=category        conf=0.50 cid=14
  syscheck.win_perm_after.1.allowed.2                type=category        conf=0.50 cid=14
  syscheck.win_perm_after.1.allowed.3                type=category        conf=0.40 cid=14
  syscheck.win_perm_after.1.allowed.4                type=category        conf=0.50 cid=14
  syscheck.win_perm_after.1.allowed.5                type=category        conf=0.50 cid=14
  syscheck.win_perm_after.1.allowed.6                type=category        conf=0.50 cid=14
  syscheck.win_perm_after.1.allowed.7                type=category        conf=0.50 cid=14
  syscheck.win_perm_after.1.allowed.8                type=category        conf=0.50 cid=14
  syscheck.win_perm_after.1.allowed.9                type=category        conf=0.40 cid=14
  syscheck.win_perm_after.1.name                     type=unknown         conf=1.00 cid=13
  syscheck.win_perm_after.10.allowed.0               type=category        conf=0.50 cid=14
  syscheck.win_perm_after.10.allowed.1               type=category        conf=0.50 cid=14
  syscheck.win_perm_after.10.allowed.2               type=category        conf=0.50 cid=14
  syscheck.win_perm_after.10.allowed.3               type=category        conf=0.50 cid=14
  syscheck.win_perm_after.10.name                    type=unknown         conf=1.00 cid=13
  syscheck.win_perm_after.11.allowed.0               type=category        conf=0.50 cid=14
  syscheck.win_perm_after.11.allowed.1               type=category        conf=0.50 cid=14
  syscheck.win_perm_after.11.allowed.3               type=category        conf=0.50 cid=14
  syscheck.win_perm_after.11.name                    type=unknown         conf=0.00 cid=-1
  syscheck.win_perm_after.12.allowed.0               type=category        conf=0.50 cid=14
  syscheck.win_perm_after.12.allowed.1               type=category        conf=0.50 cid=14
  syscheck.win_perm_after.12.allowed.2               type=category        conf=0.50 cid=14
  syscheck.win_perm_after.12.name                    type=unknown         conf=1.00 cid=13
  syscheck.win_perm_after.2.allowed.0                type=category        conf=0.50 cid=14
  syscheck.win_perm_after.2.allowed.1                type=category        conf=0.40 cid=14
  syscheck.win_perm_after.2.allowed.2                type=category        conf=0.50 cid=14
  syscheck.win_perm_after.2.allowed.3                type=category        conf=0.50 cid=14
  syscheck.win_perm_after.2.allowed.4                type=category        conf=0.50 cid=14
  syscheck.win_perm_after.2.allowed.5                type=category        conf=0.50 cid=14
  syscheck.win_perm_after.2.allowed.6                type=category        conf=0.50 cid=14
  syscheck.win_perm_after.2.allowed.7                type=category        conf=0.50 cid=14
  syscheck.win_perm_after.2.allowed.8                type=category        conf=0.50 cid=14
  syscheck.win_perm_after.2.allowed.9                type=category        conf=0.50 cid=14
  syscheck.win_perm_after.2.name                     type=unknown         conf=1.00 cid=13
  syscheck.win_perm_after.3.allowed.0                type=category        conf=0.50 cid=14
  syscheck.win_perm_after.3.allowed.1                type=category        conf=0.50 cid=14
  syscheck.win_perm_after.3.allowed.10               type=unknown         conf=0.00 cid=-1
  syscheck.win_perm_after.3.allowed.2                type=category        conf=0.50 cid=14
  syscheck.win_perm_after.3.allowed.3                type=category        conf=0.50 cid=14
  syscheck.win_perm_after.3.allowed.4                type=category        conf=0.48 cid=14
  syscheck.win_perm_after.3.allowed.5                type=category        conf=0.50 cid=14
  syscheck.win_perm_after.3.allowed.6                type=category        conf=0.50 cid=14
  syscheck.win_perm_after.3.allowed.7                type=category        conf=0.50 cid=14
  syscheck.win_perm_after.3.allowed.8                type=category        conf=0.50 cid=14
  syscheck.win_perm_after.3.name                     type=unknown         conf=0.85 cid=13
  syscheck.win_perm_after.4.allowed.0                type=category        conf=0.50 cid=14
  syscheck.win_perm_after.4.allowed.1                type=category        conf=0.50 cid=14
  syscheck.win_perm_after.4.allowed.2                type=category        conf=0.41 cid=14
  syscheck.win_perm_after.4.allowed.3                type=category        conf=0.50 cid=14
  syscheck.win_perm_after.4.allowed.4                type=category        conf=0.50 cid=14
  syscheck.win_perm_after.4.allowed.5                type=category        conf=0.50 cid=14
  syscheck.win_perm_after.4.allowed.6                type=category        conf=0.50 cid=14
  syscheck.win_perm_after.4.allowed.7                type=category        conf=0.50 cid=14
  syscheck.win_perm_after.4.allowed.8                type=category        conf=0.50 cid=14
  syscheck.win_perm_after.4.name                     type=unknown         conf=0.73 cid=13
  syscheck.win_perm_after.5.allowed.0                type=category        conf=0.50 cid=14
  syscheck.win_perm_after.5.allowed.1                type=category        conf=0.46 cid=14
  syscheck.win_perm_after.5.allowed.2                type=category        conf=0.50 cid=14
  syscheck.win_perm_after.5.allowed.3                type=category        conf=0.50 cid=14
  syscheck.win_perm_after.5.allowed.4                type=category        conf=0.50 cid=14
  syscheck.win_perm_after.5.name                     type=unknown         conf=0.73 cid=13
  syscheck.win_perm_after.6.allowed.0                type=category        conf=0.50 cid=14
  syscheck.win_perm_after.6.allowed.1                type=category        conf=0.50 cid=14
  syscheck.win_perm_after.6.allowed.2                type=category        conf=0.40 cid=14
  syscheck.win_perm_after.6.allowed.3                type=category        conf=0.50 cid=14
  syscheck.win_perm_after.6.allowed.4                type=category        conf=0.50 cid=14
  syscheck.win_perm_after.6.allowed.5                type=category        conf=0.50 cid=14
  syscheck.win_perm_after.6.allowed.6                type=category        conf=0.50 cid=14
  syscheck.win_perm_after.6.allowed.7                type=category        conf=0.50 cid=14
  syscheck.win_perm_after.6.allowed.8                type=category        conf=0.50 cid=14
  syscheck.win_perm_after.6.name                     type=unknown         conf=1.00 cid=4
  syscheck.win_perm_after.7.allowed.0                type=category        conf=0.50 cid=14
  syscheck.win_perm_after.7.allowed.1                type=category        conf=0.50 cid=14
  syscheck.win_perm_after.7.allowed.2                type=category        conf=0.50 cid=14
  syscheck.win_perm_after.7.allowed.3                type=category        conf=0.50 cid=14
  syscheck.win_perm_after.7.allowed.4                type=category        conf=0.50 cid=14
  syscheck.win_perm_after.7.name                     type=unknown         conf=1.00 cid=4
  syscheck.win_perm_after.8.allowed.0                type=category        conf=0.50 cid=14
  syscheck.win_perm_after.8.allowed.1                type=category        conf=0.50 cid=14
  syscheck.win_perm_after.8.allowed.2                type=category        conf=0.50 cid=14
  syscheck.win_perm_after.8.allowed.3                type=category        conf=0.50 cid=14
  syscheck.win_perm_after.8.allowed.4                type=category        conf=0.50 cid=14
  syscheck.win_perm_after.8.name                     type=category        conf=0.50 cid=4
  syscheck.win_perm_after.9.allowed.0                type=category        conf=0.50 cid=14
  syscheck.win_perm_after.9.allowed.1                type=category        conf=0.50 cid=14
  syscheck.win_perm_after.9.allowed.2                type=category        conf=0.50 cid=14
  syscheck.win_perm_after.9.allowed.3                type=category        conf=0.50 cid=14
  syscheck.win_perm_after.9.name                     type=unknown         conf=1.00 cid=13
  timestamp                                          type=timestamp       conf=1.00 cid=1
