/usr/local/lib/python3.12/site-packages/sklearn/utils/deprecation.py:151: FutureWarning: 'force_all_finite' was renamed to 'ensure_all_finite' in 1.6 and will be removed in 1.8.
  warnings.warn(
/usr/local/lib/python3.12/site-packages/sklearn/utils/deprecation.py:151: FutureWarning: 'force_all_finite' was renamed to 'ensure_all_finite' in 1.6 and will be removed in 1.8.
  warnings.warn(
=== CLASSIFICATION SUMMARY ===
  entity        202
  enum          271
  metric         64
  temporal        7
  text            6
  unknown        23

=== ENTITIES WITH HINTS (type-detected) ===
  syscheck.sha1_after                                hint=hash_sha1    conf=1.00
  syscheck.md5_after                                 hint=hash_md5     conf=1.00
  syscheck.sha256_after                              hint=hash_sha256  conf=1.00
  syscheck.md5_before                                hint=hash_md5     conf=1.00
  syscheck.sha256_before                             hint=hash_sha256  conf=1.00
  syscheck.sha1_before                               hint=hash_sha1    conf=1.00
  data.sca.check.references                          hint=url          conf=0.50
  data.parameters.program                            hint=fqdn         conf=0.83

=== ENTITIES WITHOUT HINTS (top 30) ===
  syscheck.path                                      samples=['/usr/bin/gdbus', '/usr/sbin/umount.udisks2', 'HKEY_LOCAL_M
  full_log                                           samples=['2026-01-07 06:57:26 status installed libc-bin:amd64 2.39-0
  _id                                                samples=['nINBmpsBeVKHPCl0WvZ1', 'kyd4qZsBxRbWJTUovZZ6', '7C27tpsBy3
  predecoder.timestamp                               samples=['Jan 13 09:22:35', 'Jan 12 05:01:01', 'Jan 11 10:50:49']
  data.win.eventdata.targetLogonId                   samples=['0x2bdcf3d', '0x4ec9085', '0x40574a9']
  data.file                                          samples=['/var/www/html/chat/post.php', '/tmp/favicons/browserconfig
  data.win.eventdata.logonGuid                       samples=['{a01c11c2-ed50-e088-523e-20f767e2075b}', '{cb30044b-3194-4
  data.win.eventdata.processId                       samples=['0x1684', '0x1aac', '0x12e4']
  data.win.eventdata.newProcessId                    samples=['0x184c', '0x1eb0', '0x6d0']
  data.win.eventdata.data                            samples=['certsrv.exe, 3760,D,50, 1, C:\\\\Windows\\\\system32\\\\Ce
  data.win.eventdata.binary                          samples=['5E0000C0', '7B39333632383441432D433331392D344335422D423830
  syscheck.value_name                                samples=['LeaseObtainedTime', 'Microsoft.Windows.ShellExperienceHost
  data.sca.file                                      samples=['cis_win2019.yml"', 'cis_alma_linux_8.yml']
  data.sca.policy_id                                 samples=['cis_alma_linux_8', 'cis_win2019']
  syscheck.win_perm_after.1.allowed.11               samples=['WRITE_EA']
  syscheck.win_perm_after.2.allowed.3                samples=['READ_CONTROL', 'WRITE_OWNER', 'DELETE']
  syscheck.win_perm_after.2.allowed.11               samples=['WRITE_EA']
  syscheck.win_perm_after.3.name                     samples=['INTERACTIVE', 'Backup Operators', 'CREATOR OWNER']
  syscheck.win_perm_after.4.allowed.1                samples=['READ_CONTROL', 'DELETE', 'WRITE_DATA']
  syscheck.win_perm_after.4.allowed.2                samples=['READ_CONTROL', 'READ_EA', 'DELETE']
  syscheck.win_perm_after.4.allowed.3                samples=['READ_CONTROL', 'WRITE_OWNER', 'READ_EA']
  syscheck.win_perm_after.4.allowed.4                samples=['WRITE_DATA', 'WRITE_EA', 'READ_DATA']
  syscheck.win_perm_after.4.name                     samples=['RESTRICTED', 'CREATOR OWNER', 'Server Operators']
  syscheck.win_perm_after.5.allowed.7                samples=['READ_EA', 'APPEND_DATA']
  syscheck.win_perm_after.5.allowed.8                samples=['READ_EA', 'WRITE_EA']
  syscheck.win_perm_after.5.allowed.9                samples=['EXECUTE', 'WRITE_EA']
  syscheck.win_perm_after.5.name                     samples=['CREATOR OWNER', 'ALL APPLICATION PACKAGES', 'S-1-5-21-4847
  syscheck.win_perm_after.6.name                     samples=['S-1-5-80-3169285310-278349998-1452333686-3865143136-421222
  syscheck.win_perm_after.7.allowed.0                samples=['WRITE_DATA', 'READ_CONTROL', 'GENERIC_READ']
  syscheck.win_perm_after.7.name                     samples=['S-1-5-21-484763869-1715567821-682003330-18975', 'S-1-15-3-

=== RELATIONSHIPS (78) ===
  full_log                                 --[CO_OCCURS_WITH ]--> predecoder.timestamp                     (MI=0.485)
  data.sca.check.compliance.cis            --[CO_OCCURS_WITH ]--> rule.cis.0                               (MI=0.409)
  data.win.eventdata.processId             --[CO_OCCURS_WITH ]--> data.win.eventdata.newProcessId          (MI=0.361)
  data.sca.check.compliance.cis_csc_v7     --[CO_OCCURS_WITH ]--> data.sca.check.compliance.iso_27001-2013 (MI=0.279)
  data.package                             --[CO_OCCURS_WITH ]--> data.version                             (MI=0.275)
  syscheck.sha1_after                      --[CO_OCCURS_WITH ]--> syscheck.md5_after                       (MI=0.265)
  syscheck.sha1_after                      --[CO_OCCURS_WITH ]--> syscheck.sha256_after                    (MI=0.265)
  syscheck.md5_after                       --[CO_OCCURS_WITH ]--> syscheck.sha256_after                    (MI=0.265)
  data.sca.check.compliance.pci_dss_v4.0   --[CO_OCCURS_WITH ]--> data.sca.check.compliance.cmmc_v2.0      (MI=0.256)
  data.sca.check.compliance.cis            --[CO_OCCURS_WITH ]--> data.sca.check.compliance.cis_csc_v7     (MI=0.250)
  data.sca.check.compliance.cis_csc_v7     --[CO_OCCURS_WITH ]--> rule.cis.0                               (MI=0.250)
  data.sca.check.compliance.nist_sp_800-53 --[CO_OCCURS_WITH ]--> rule.nist_sp_800-53.0                    (MI=0.249)
  data.sca.check.compliance.cis_csc_v7     --[CO_OCCURS_WITH ]--> data.sca.check.compliance.pci_dss_v3.2.1 (MI=0.248)
  data.sca.check.compliance.cmmc_v2.0      --[CO_OCCURS_WITH ]--> data.sca.check.compliance.cis_csc_v7     (MI=0.237)
  data.sca.check.compliance.cmmc_v2.0      --[CO_OCCURS_WITH ]--> data.sca.check.compliance.iso_27001-2013 (MI=0.229)
  data.sca.check.compliance.cis            --[CO_OCCURS_WITH ]--> data.sca.check.compliance.iso_27001-2013 (MI=0.226)
  rule.cis.0                               --[CO_OCCURS_WITH ]--> data.sca.check.compliance.iso_27001-2013 (MI=0.226)
  data.sca.check.compliance.pci_dss_v4.0   --[CO_OCCURS_WITH ]--> data.sca.check.compliance.pci_dss_v3.2.1 (MI=0.223)
  data.sca.check.compliance.iso_27001-2013 --[CO_OCCURS_WITH ]--> data.sca.check.compliance.pci_dss_v3.2.1 (MI=0.223)
  data.sca.check.compliance.pci_dss_v4.0   --[CO_OCCURS_WITH ]--> data.sca.check.compliance.cis_csc_v7     (MI=0.222)
